C51 COMPILER V9.51   GZLL_MCU                                                              09/23/2013 15:07:33 PAGE 1   


C51 COMPILER V9.51, COMPILATION OF MODULE GZLL_MCU
OBJECT MODULE PLACED IN .\build\gzll_mcu.obj
COMPILER INVOKED BY: C:\Keil\C51\BIN\C51.EXE ..\..\..\..\..\..\gazell\nrf24lu1\gzll_mcu.c OBJECTADVANCED ROM(COMPACT) RE
                    -GFILE(.\build\gzll_host_nrf24lu1p.ORC) BROWSE NOINTPROMOTE MODC2 INCDIR(..\..\..\..\..\..\hal;..\..\..\..\..\..\hal\nrf2
                    -4l01p;..\..\..\..\..\..\gazell\common;..\..\..\..\..\..\gazell\nrf24lu1;..\..\..\params;..\..\..\..\..\..\lib\crypt;..\.
                    -.\..\..\..\..\lib\assertions;..\..\..\..\..\..\hal\nrf24lu1p;..\..\..\..\..\..\compiler\c51;..\..\..\..\..\..\compiler\c
                    -ommon) DEBUG PRINT(.\lst\gzll_mcu.lst) TABS(2) OBJECT(.\build\gzll_mcu.obj)

line level    source

   1          /* Copyright (c) 2009 Nordic Semiconductor. All Rights Reserved.
   2           *
   3           * The information contained herein is confidential property of Nordic 
   4           * Semiconductor ASA.Terms and conditions of usage are described in detail 
   5           * in NORDIC SEMICONDUCTOR STANDARD SOFTWARE LICENSE AGREEMENT. 
   6           *
   7           * Licensees are granted free, non-transferable use of the information. NO
   8           * WARRENTY of ANY KIND is provided. This heading must NOT be removed from
   9           * the file.
  10           *              
  11           * $LastChangedRevision: 133 $
  12           */
  13          
  14          
  15          /** @file
  16           * @brief Implementation of Gazell Link Layer nRF24LU1+ specific functions
  17           */
  18          
  19          #include "gzll.h"
  20          
  21          void mcu_init()
  22          {
  23   1        RF = 1;                                       // Radio IRQ enable
  24   1        
  25   1        CE_LOW();
  26   1        RFCTL = 0x10;                                 // RF SPI Enable 
  27   1         
  28   1        T2CON = 0x10;                                 // Reload mode 0, osc / 12 
  29   1        T2I0 = 1;                                     // Start Timer2
  30   1      }
  31          
  32          void gzll_set_timer_period(uint16_t period)
  33          {
  34   1        T2 = CRC = (uint32_t)0x10000 - (int)((float)period * 4 / 3 + 0.5);             // Set up period for time
             -r 2
  35   1      }


MODULE INFORMATION:   STATIC OVERLAYABLE
   CODE SIZE        =     68    ----
   CONSTANT SIZE    =   ----    ----
   XDATA SIZE       =   ----    ----
   PDATA SIZE       =   ----    ----
   DATA SIZE        =   ----    ----
   IDATA SIZE       =   ----    ----
   BIT SIZE         =   ----    ----
   EDATA SIZE       =   ----    ----
   HDATA SIZE       =   ----    ----
   XDATA CONST SIZE =   ----    ----
   FAR CONST SIZE   =   ----    ----
END OF MODULE INFORMATION.

C51 COMPILER V9.51   GZLL_MCU                                                              09/23/2013 15:07:33 PAGE 2   


C51 COMPILATION COMPLETE.  0 WARNING(S),  0 ERROR(S)
