C51 COMPILER V9.51   HAL_AES                                                               09/23/2013 15:07:36 PAGE 1   


C51 COMPILER V9.51, COMPILATION OF MODULE HAL_AES
OBJECT MODULE PLACED IN .\build\hal_aes.obj
COMPILER INVOKED BY: C:\Keil\C51\BIN\C51.EXE ..\..\..\..\..\..\hal\nrf24lu1p\hal_aes.c OBJECTADVANCED ROM(COMPACT) REGFI
                    -LE(.\build\gzll_host_nrf24lu1p.ORC) BROWSE NOINTPROMOTE MODC2 INCDIR(..\..\..\..\..\..\hal;..\..\..\..\..\..\hal\nrf24l0
                    -1p;..\..\..\..\..\..\gazell\common;..\..\..\..\..\..\gazell\nrf24lu1;..\..\..\params;..\..\..\..\..\..\lib\crypt;..\..\.
                    -.\..\..\..\lib\assertions;..\..\..\..\..\..\hal\nrf24lu1p;..\..\..\..\..\..\compiler\c51;..\..\..\..\..\..\compiler\comm
                    -on) DEBUG PRINT(.\lst\hal_aes.lst) TABS(2) OBJECT(.\build\hal_aes.obj)

line level    source

   1          /* Copyright (c) 2009 Nordic Semiconductor. All Rights Reserved.
   2           *
   3           * The information contained herein is confidential property of Nordic
   4           * Semiconductor ASA.Terms and conditions of usage are described in detail
   5           * in NORDIC SEMICONDUCTOR STANDARD SOFTWARE LICENSE AGREEMENT.
   6           *
   7           * Licensees are granted free, non-transferable use of the information. NO
   8           * WARRENTY of ANY KIND is provided. This heading must NOT be removed from
   9           * the file.
  10           *
  11           * $LastChangedRevision: 230 $
  12           */
  13          
  14          /** @file
  15           * @brief Implementation of hal_aes for nRF24LU1+
  16           *
  17           * Implementation of hardware abstraction layer (HAL) for the embedded
  18           * AES co-processor in nRF24LU1
  19           *
  20           */
  21          
  22          #include "nrf24lu1p.h"
  23          #include <stdint.h>
  24          #include "hal_aes.h"
  25          
  26          
  27          #define AES_BUF_SIZE                16
  28          
  29          //-----------------------------------------------------------------------------
  30          // AES register masks
  31          //-----------------------------------------------------------------------------
  32          
  33          #define AESCS_MODE_MASK             0x1C
  34          #define AESCS_GO_MASK               0x01
  35          
  36          #define AESCS_E_D_MASK              0x02
  37          #define AESCS_E_D_BIT_POS           1
  38          #define DECRYPT                     1
  39          #define ENCRYPT                     0
  40          
  41          #define AESIA1_KIN_MASK             0xf0
  42          #define AESIA1_KIN_B0_POS           4
  43          
  44          #define AESIA1_IV_MASK              0x0f
  45          #define AESIA1_IV_B0_POS            0
  46          
  47          #define AESIA2_DI_MASK              0xf0
  48          #define AESIA2_DI_B0_POS            4
  49          
  50          #define AESIA2_DO_MASK              0x0f
  51          #define AESIA2_DO_B0_POS            0
C51 COMPILER V9.51   HAL_AES                                                               09/23/2013 15:07:36 PAGE 2   

  52          
  53          //-----------------------------------------------------------------------------
  54          // AES substitution table (used by aes_get_dec_key() only)
  55          //-----------------------------------------------------------------------------
  56          
  57          static code const uint8_t S[256] = {
  58           99, 124, 119, 123, 242, 107, 111, 197,  48,   1, 103,  43, 254, 215, 171, 118,
  59          202, 130, 201, 125, 250,  89,  71, 240, 173, 212, 162, 175, 156, 164, 114, 192,
  60          183, 253, 147,  38,  54,  63, 247, 204,  52, 165, 229, 241, 113, 216,  49,  21,
  61            4, 199,  35, 195,  24, 150,   5, 154,   7,  18, 128, 226, 235,  39, 178, 117,
  62            9, 131,  44,  26,  27, 110,  90, 160,  82,  59, 214, 179,  41, 227,  47, 132,
  63           83, 209,   0, 237,  32, 252, 177,  91, 106, 203, 190,  57,  74,  76,  88, 207,
  64          208, 239, 170, 251,  67,  77,  51, 133,  69, 249,   2, 127,  80,  60, 159, 168,
  65           81, 163,  64, 143, 146, 157,  56, 245, 188, 182, 218,  33,  16, 255, 243, 210,
  66          205,  12,  19, 236,  95, 151,  68,  23, 196, 167, 126,  61, 100,  93,  25, 115,
  67           96, 129,  79, 220,  34,  42, 144, 136,  70, 238, 184,  20, 222,  94,  11, 219,
  68          224,  50,  58,  10,  73,   6,  36,  92, 194, 211, 172,  98, 145, 149, 228, 121,
  69          231, 200,  55, 109, 141, 213,  78, 169, 108,  86, 244, 234, 101, 122, 174,   8,
  70          186, 120,  37,  46,  28, 166, 180, 198, 232, 221, 116,  31,  75, 189, 139, 138,
  71          112,  62, 181, 102,  72,   3, 246,  14,  97,  53,  87, 185, 134, 193,  29, 158,
  72          225, 248, 152,  17, 105, 217, 142, 148, 155,  30, 135, 233, 206,  85,  40, 223,
  73          140, 161, 137,  13, 191, 230,  66, 104,  65, 153,  45,  15, 176,  84, 187,  22,
  74          };
  75          
  76          //-----------------------------------------------------------------------------
  77          // Internal function prototypes
  78          //-----------------------------------------------------------------------------
  79          
  80          void aes_set_mode(uint8_t mode);
  81          void aes_select_e_d(uint8_t operation);
  82          void aes_go();
  83          uint8_t aes_busy();
  84          
  85          void aes_data_write_buf(uint8_t *buf, uint8_t indirect_start_address, uint8_t length);
  86          void aes_data_read_buf(uint8_t *buf, uint8_t indirect_start_address, uint8_t length);
  87          void aes_keyin_write_buf(const uint8_t *buf, uint8_t indirect_address, uint8_t length);
  88          void aes_initvect_write_buf(const uint8_t *buf, uint8_t indirect_start_address, uint8_t length);
  89          
  90          //-----------------------------------------------------------------------------
  91          // Function implementations
  92          //-----------------------------------------------------------------------------
  93          
  94          void hal_aes_setup(bool decrypt, aes_modes_t mode, uint8_t *keyin, uint8_t *ivin)
  95          {
  96   1         if(keyin != NULL)
  97   1         {
  98   2            aes_keyin_write_buf(keyin, 0, AES_BUF_SIZE);
  99   2         }
 100   1      
 101   1         if(ivin)
 102   1         {
 103   2            aes_initvect_write_buf(ivin, 0, AES_BUF_SIZE);
 104   2            aes_set_mode(ECB);            // Dummy change of mode in order to load init-vector
 105   2            aes_set_mode(CBC);
 106   2         }
 107   1      
 108   1         if(decrypt)
 109   1         {
 110   2           AESCS=(AESCS & ~AESCS_E_D_MASK) | DECRYPT<<AESCS_E_D_BIT_POS;
 111   2         }
 112   1         else
 113   1         {
C51 COMPILER V9.51   HAL_AES                                                               09/23/2013 15:07:36 PAGE 3   

 114   2           AESCS=(AESCS & ~AESCS_E_D_MASK) | ENCRYPT<<AESCS_E_D_BIT_POS;
 115   2         }
 116   1      
 117   1         aes_set_mode(mode);
 118   1      }
 119          
 120          void hal_aes_crypt(uint8_t *dest_buf, uint8_t *src_buf)
 121          {
 122   1         aes_data_write_buf(src_buf, 0, AES_BUF_SIZE);
 123   1         aes_go();
 124   1         while(aes_busy());
 125   1         aes_data_read_buf(dest_buf, 0, AES_BUF_SIZE);
 126   1      }
 127          
 128          void hal_aes_get_dec_key(uint8_t *output_dec_key, uint8_t *input_enc_key)
 129          {
 130   1         uint8_t index, loop, rcon_int; //lint -esym(644, rcon_int) "variable may not have been initialized"
 131   1         for(index=0; index<16; index++)
 132   1         {
 133   2            output_dec_key[index]=input_enc_key[index];
 134   2         }
 135   1         for(loop=0; loop<10; loop++)
 136   1         {
 137   2            if(loop==0)
 138   2            {
 139   3               rcon_int=1;
 140   3            }
 141   2            else
 142   2            {
 143   3               rcon_int=((rcon_int & 0x80) ? (rcon_int<<1) ^ 0x1b : rcon_int<<1); // xtime operation
 144   3            }
 145   2      
 146   2            output_dec_key[0]^=S[output_dec_key[13]];
 147   2            output_dec_key[1]^=S[output_dec_key[14]];
 148   2            output_dec_key[2]^=S[output_dec_key[15]];
 149   2            output_dec_key[3]^=S[output_dec_key[12]];
 150   2            output_dec_key[0] ^= rcon_int;
 151   2      
 152   2            for(index=0; index < 12; index++)
 153   2            {
 154   3               output_dec_key[index+4]^=output_dec_key[index];
 155   3            }
 156   2         }
 157   1      }
 158          
 159          void aes_set_mode(uint8_t mode)
 160          {
 161   1         AESCS=(AESCS & ~AESCS_MODE_MASK) | mode<<2;
 162   1      }
 163          
 164          void aes_select_e_d(uint8_t operation)
 165          {
 166   1      
 167   1         AESCS=(AESCS & ~AESCS_E_D_MASK) | operation<<1;
 168   1      }
 169          
 170          void aes_go()
 171          {
 172   1         AESCS=AESCS | AESCS_GO_MASK;
 173   1      }
 174          
 175          uint8_t aes_busy()
C51 COMPILER V9.51   HAL_AES                                                               09/23/2013 15:07:36 PAGE 4   

 176          {
 177   1         return AESCS & AESCS_GO_MASK;
 178   1      }
 179          
 180          void aes_data_write_buf(uint8_t *buf, uint8_t indirect_start_address, uint8_t length)
 181          {
 182   1         int8_t index;
 183   1         AESIA2= (AESIA2 & ~AESIA2_DI_MASK) | (indirect_start_address << AESIA2_DI_B0_POS);
 184   1         for(index=length-1; index>=0; index--)
 185   1         {
 186   2            AESD=buf[index];
 187   2         }
 188   1      }
 189          
 190          void aes_data_read_buf(uint8_t *buf, uint8_t indirect_start_address, uint8_t length)
 191          {
 192   1         int8_t index;
 193   1         AESIA2= (AESIA2 & ~AESIA2_DO_MASK) | (indirect_start_address << AESIA2_DO_B0_POS);
 194   1         for(index=length-1; index>=0; index--)
 195   1         {
 196   2            buf[index]=AESD;
 197   2         }
 198   1      }
 199          
 200          void aes_keyin_write_buf(const uint8_t *buf, uint8_t indirect_start_address, uint8_t length)
 201          {
 202   1         int8_t index;
 203   1         AESIA1= (AESIA1 & ~AESIA1_KIN_MASK) | (indirect_start_address << AESIA1_KIN_B0_POS);
 204   1         for(index=length-1; index>=0; index--)
 205   1         {
 206   2            AESKIN=buf[index];
 207   2         }
 208   1      }
 209          
 210          void aes_initvect_write_buf(const uint8_t *buf, uint8_t indirect_start_address, uint8_t length)
 211          {
 212   1         int8_t index;
 213   1         AESIA1= (AESIA1 & ~AESIA1_IV_MASK) | (indirect_start_address << AESIA1_IV_B0_POS);
 214   1         for(index=length-1; index>=0; index--)
 215   1         {
 216   2            AESIV=buf[index];
 217   2         }
 218   1      }
 219          


MODULE INFORMATION:   STATIC OVERLAYABLE
   CODE SIZE        =    700    ----
   CONSTANT SIZE    =    256    ----
   XDATA SIZE       =   ----    ----
   PDATA SIZE       =   ----    ----
   DATA SIZE        =   ----      41
   IDATA SIZE       =   ----    ----
   BIT SIZE         =   ----    ----
   EDATA SIZE       =   ----    ----
   HDATA SIZE       =   ----    ----
   XDATA CONST SIZE =   ----    ----
   FAR CONST SIZE   =   ----    ----
END OF MODULE INFORMATION.


C51 COMPILATION COMPLETE.  0 WARNING(S),  0 ERROR(S)
