C51 COMPILER V9.51   MAIN                                                                  09/23/2013 15:07:40 PAGE 1   


C51 COMPILER V9.51, COMPILATION OF MODULE MAIN
OBJECT MODULE PLACED IN .\build\main.obj
COMPILER INVOKED BY: C:\Keil\C51\BIN\C51.EXE ..\..\main.c OBJECTADVANCED ROM(COMPACT) REGFILE(.\build\gzll_host_nrf24lu1
                    -p.ORC) BROWSE NOINTPROMOTE MODC2 INCDIR(..\..\..\..\..\..\hal;..\..\..\..\..\..\hal\nrf24l01p;..\..\..\..\..\..\gazell\c
                    -ommon;..\..\..\..\..\..\gazell\nrf24lu1;..\..\..\params;..\..\..\..\..\..\lib\crypt;..\..\..\..\..\..\lib\assertions;..\
                    -..\..\..\..\..\hal\nrf24lu1p;..\..\..\..\..\..\compiler\c51;..\..\..\..\..\..\compiler\common) DEBUG PRINT(.\lst\main.ls
                    -t) TABS(2) OBJECT(.\build\main.obj)

line level    source

   1          /* Copyright (c) 2009 Nordic Semiconductor. All Rights Reserved.
   2           *
   3           * The information contained herein is confidential property of Nordic 
   4           * Semiconductor ASA.Terms and conditions of usage are described in detail 
   5           * in NORDIC SEMICONDUCTOR STANDARD SOFTWARE LICENSE AGREEMENT. 
   6           *
   7           * Licensees are granted free, non-transferable use of the information. NO
   8           * WARRENTY of ANY KIND is provided. This heading must NOT be removed from
   9           * the file.
  10           *              
  11           * $LastChangedRevision: 133 $
  12           */
  13          
  14          /** @file
  15           * @brief Gazell Link Layer Host example
  16           * @defgroup gzll_host_example Gazell Link Layer Host example
  17           * @{
  18           * @ingroup nrf_examples
  19           *
  20           * @brief This example listens for data and writes the first byte (byte 0) of the
  21           * received payloads to P0. 
  22           *
  23           * Protocol parameters such as addresses and channels are specified 
  24           * in @ref gazell_examples/params/gzll_params.h. 
  25           *
  26           * The project @ref gzll_device_example can be used as a counterpart for transmitting the data.
  27           * 
  28          */
  29          
  30          #include "gzll_mcu.h"
  31          #include "gzll.h"
  32          
  33          void main(void)
  34          {
  35   1        uint8_t payload[GZLL_MAX_PAYLOAD_LENGTH];
  36   1      
  37   1        mcu_init();
  38   1        gzll_init();
  39   1      
  40   1        // Set P0 as output
  41   1        P0DIR = 0;                                          
  42   1      
  43   1        EA = 1;
  44   1        
  45   1        // Enter host mode (start monitoring for data)
  46   1        gzll_rx_start();                                          
  47   1        
  48   1        for(;;)
  49   1        {      
  50   2          // If data received
  51   2          if(gzll_rx_fifo_read(payload, NULL, NULL))
C51 COMPILER V9.51   MAIN                                                                  09/23/2013 15:07:40 PAGE 2   

  52   2          {
  53   3            // Write received payload[0] to port 0
  54   3            P0 = payload[0];
  55   3          }
  56   2        } 
  57   1      }
  58          
  59          /**  @} */


MODULE INFORMATION:   STATIC OVERLAYABLE
   CODE SIZE        =     53    ----
   CONSTANT SIZE    =   ----    ----
   XDATA SIZE       =   ----    ----
   PDATA SIZE       =   ----    ----
   DATA SIZE        =   ----      27
   IDATA SIZE       =   ----    ----
   BIT SIZE         =   ----    ----
   EDATA SIZE       =   ----    ----
   HDATA SIZE       =   ----    ----
   XDATA CONST SIZE =   ----    ----
   FAR CONST SIZE   =   ----    ----
END OF MODULE INFORMATION.


C51 COMPILATION COMPLETE.  0 WARNING(S),  0 ERROR(S)
