C51 COMPILER V9.51   GZLL_MCU                                                              09/06/2013 01:48:07 PAGE 1   


C51 COMPILER V9.51, COMPILATION OF MODULE GZLL_MCU
OBJECT MODULE PLACED IN .\build\gzll_mcu.obj
COMPILER INVOKED BY: C:\Keil\C51\BIN\C51.EXE ..\..\..\..\..\..\gazell\nrf24le1\gzll_mcu.c LARGE OBJECTADVANCED ROM(COMPA
                    -CT) REGFILE(.\build\gzll_host_w_dyn_pair_nrf24le1.ORC) BROWSE NOINTPROMOTE MODC2 INCDIR(..\..\..\..\..\..\hal;..\..\..\.
                    -.\..\..\hal\nrf24l01p;..\..\..\..\..\..\gazell\common;..\..\..\..\..\..\gazell\nrf24le1;..\..\..\params;..\..\..\..\..\.
                    -.\hal\nrf24le1;..\..\..\..\..\..\lib\assertions;..\..\..\..\..\..\compiler\c51;..\..\..\..\..\..\compiler\common) DEFINE
                    -(EX_PROJ_LE1) DEBUG PRINT(.\lst\gzll_mcu.lst) TABS(2) OBJECT(.\build\gzll_mcu.obj)

line level    source

   1          /* Copyright (c) 2009 Nordic Semiconductor. All Rights Reserved.
   2           *
   3           * The information contained herein is confidential property of Nordic 
   4           * Semiconductor ASA.Terms and conditions of usage are described in detail 
   5           * in NORDIC SEMICONDUCTOR STANDARD SOFTWARE LICENSE AGREEMENT. 
   6           *
   7           * Licensees are granted free, non-transferable use of the information. NO
   8           * WARRENTY of ANY KIND is provided. This heading must NOT be removed from
   9           * the file.
  10           *              
  11           * $LastChangedRevision: 2685 $
  12           */
  13          
  14          /** @file
  15           * @brief Gazell Link Layer nRF24LE1 specific functions implementation
  16           */
  17          
  18          #include "gzll.h"
  19          #include "hal_clk.h"
  20          #include "hal_rtc.h"
  21          
  22          void mcu_init(void)
  23          {  
  24   1        hal_clklf_set_source(HAL_CLKLF_XOSC16M_SYNTH);    // Synthesize 32 KHz from 16 MHz clock  
  25   1        hal_rtc_set_compare_mode(HAL_RTC_COMPARE_MODE_0); // Use 32 KHz timer mode 0
  26   1        hal_clk_regret_xosc16m_on(true);                  // Keep XOSC16M on in register retention
  27   1        while (hal_clk_get_16m_source() != HAL_CLK_XOSC16M) {}
  28   1      }
  29          
  30          void gzll_set_timer_period(uint16_t period)
  31          {
  32   1        hal_rtc_start(false);                             
  33   1        hal_rtc_start(true);                              // Start/stop to reset counter  
  34   1      
  35   1        period = (int)((float)period * 32768 / 1000000 + 0.5);
  36   1      
  37   1        hal_rtc_set_compare_value(period - 1);
  38   1      }


MODULE INFORMATION:   STATIC OVERLAYABLE
   CODE SIZE        =    107    ----
   CONSTANT SIZE    =   ----    ----
   XDATA SIZE       =   ----       2
   PDATA SIZE       =   ----    ----
   DATA SIZE        =   ----    ----
   IDATA SIZE       =   ----    ----
   BIT SIZE         =   ----    ----
   EDATA SIZE       =   ----    ----
   HDATA SIZE       =   ----    ----
   XDATA CONST SIZE =   ----    ----
C51 COMPILER V9.51   GZLL_MCU                                                              09/06/2013 01:48:07 PAGE 2   

   FAR CONST SIZE   =   ----    ----
END OF MODULE INFORMATION.


C51 COMPILATION COMPLETE.  0 WARNING(S),  0 ERROR(S)
