C51 COMPILER V9.51   MAIN                                                                  10/01/2013 00:42:58 PAGE 1   


C51 COMPILER V9.51, COMPILATION OF MODULE MAIN
OBJECT MODULE PLACED IN .\build\main.obj
COMPILER INVOKED BY: C:\Keil\C51\BIN\C51.EXE ..\src\main.c REGFILE(.\build\uart_nrf24le1.ORC) BROWSE NOINTPROMOTE MODDP2
                    - INCDIR(..\..\..\..\hal\nrf24le1;..\..\..\..\compiler\c51;..\..\..\..\compiler\common) DEBUG OBJECTEXTEND PRINT(.\lst\ma
                    -in.lst) TABS(2) OBJECT(.\build\main.obj)

line level    source

   1          /* Copyright (c) 2009 Nordic Semiconductor. All Rights Reserved.
   2           *
   3           * The information contained herein is confidential property of Nordic
   4           * Semiconductor ASA.Terms and conditions of usage are described in detail
   5           * in NORDIC SEMICONDUCTOR STANDARD SOFTWARE LICENSE AGREEMENT.
   6           *
   7           * Licensees are granted free, non-transferable use of the information. NO
   8           * WARRENTY of ANY KIND is provided. This heading must NOT be removed from
   9           * the file.
  10           *
  11           * $LastChangedRevision: 133 $
  12           */
  13          
  14          /** @file
  15           * @brief UART example
  16           * @defgroup uart_example UART "Hello World" example
  17           * @{
  18           * @ingroup nrf_examples
  19           *
  20           * @brief This example writes the string "Hello World" on start-up. After this all
  21           * characters received on the RXD input are echoed to the TXD output.
  22           *
  23           * The example implements the low level stdio functions putchar() and getchar() so that standard
  24           * IO functions such as printf() and gets() can be used by the application.
  25           *
  26          */
  27          
  28          //lint -e732
  29          //lint -e713
  30          //lint -e640
  31          
  32          #include <stdio.h>
  33          #include "nrf24le1.h"
  34          #include "hal_uart.h"
  35          #include "hal_clk.h"
  36          #include "application.h"
  37          #include "utility.h"
  38          
  39          
  40          void main(void)
  41          {
  42   1      
  43   1        app_init();
  44   1        // Enable global interrupts
  45   1        EA = 1;
  46   1      
  47   1        // Print "Hello World" at start-up
  48   1        u_puts("\r\Enter Main Loop!\r\n");
  49   1        
  50   1        app_main_loop();
  51   1      
  52   1        // Print "Hello World" at start-up
  53   1        u_puts("\r\Exit Main Loop!\r\n");
C51 COMPILER V9.51   MAIN                                                                  10/01/2013 00:42:58 PAGE 2   

  54   1      
  55   1      }
  56          /** @} */


MODULE INFORMATION:   STATIC OVERLAYABLE
   CODE SIZE        =     26    ----
   CONSTANT SIZE    =     39    ----
   XDATA SIZE       =   ----    ----
   PDATA SIZE       =   ----    ----
   DATA SIZE        =   ----    ----
   IDATA SIZE       =   ----    ----
   BIT SIZE         =   ----    ----
END OF MODULE INFORMATION.


C51 COMPILATION COMPLETE.  0 WARNING(S),  0 ERROR(S)
