2011-01-13 11:03:01 - 设备未连接
2013-09-22 00:49:45 - 设备未连接
2013-09-23 14:37:34 - 设备未连接
2013-09-23 23:08:09 - 设备已连接...
2013-09-23 23:08:09 - 固件版本： 1.00.01
2013-09-23 23:08:12 - 选择器件： nRF24LE1
2013-09-23 23:08:12 - 器件容量： 0x4000
2013-09-23 23:08:49 - 读入文件： C:\working\rf\rf\无线VIVTA\无线VISTA无线程序\NRF24LE1发射按键板-FM\nRF24LE1.hex
2013-09-23 23:08:49 - 文件长度：0x04C6 = 1222 字节 
2013-09-23 23:08:53 - -------------------------------------------------------------------
2013-09-23 23:08:53 - Device:nRF24LE1
2013-09-23 23:08:53 - Unique ID: 
2013-09-23 23:08:53 -  5A 5A 43 30 42 35 32 31 05 14 31 FF FF FF FF FF
2013-09-23 23:08:53 -  26 B1 51 0E 0E FF FF FF FF 82 FF FF FF FF FF FF
2013-09-23 23:08:53 - Infopage: 
2013-09-23 23:08:53 - 0x20: FF (NUPP)
2013-09-23 23:08:53 - 0x21: FF (Reserved)
2013-09-23 23:08:53 - 0x22: FF (Reserved)
2013-09-23 23:08:53 - 0x23: FF (RDISMB)
2013-09-23 23:08:53 - 0x24: FF (ENDEBUG)
2013-09-23 23:08:53 - 擦除器件...
2013-09-23 23:08:53 - 擦除器件.........完成
2013-09-23 23:08:53 - Unique ID: 
2013-09-23 23:08:53 -  5A 5A 43 30 42 35 32 31 05 14 31 FF FF FF FF FF
2013-09-23 23:08:53 -  26 B1 51 0E 0E FF FF FF FF 82 FF FF FF FF FF FF
2013-09-23 23:08:53 - Infopage: 
2013-09-23 23:08:53 - 0x20: FF (NUPP)
2013-09-23 23:08:53 - 0x21: FF (Reserved)
2013-09-23 23:08:53 - 0x22: FF (Reserved)
2013-09-23 23:08:53 - 0x23: FF (RDISMB)
2013-09-23 23:08:53 - 0x24: FF (ENDEBUG)
2013-09-23 23:08:53 - 编程器件...
2013-09-23 23:08:54 - 编程器件.........完成
2013-09-23 23:08:54 - 效验器件...
2013-09-23 23:08:54 - 效验器件.........OK
2013-09-23 23:08:54 - -------------------------------------------------------------------
2013-09-23 23:09:12 - 选择器件： nRF24LU1P
2013-09-23 23:09:12 - 器件容量： 0x8000
2013-09-23 23:09:19 - 设备被移除
2013-09-23 23:09:21 - 设备未连接
2013-09-23 23:09:25 - 选择器件： nRF24LU1
2013-09-23 23:09:25 - 器件容量： 0x4000
2013-09-23 23:09:32 - 选择器件： nRF24LU1P
2013-09-23 23:09:32 - 器件容量： 0x8000
2013-09-23 23:09:35 - 选择器件： nRF24LE1
2013-09-23 23:09:35 - 器件容量： 0x4000
2013-09-23 23:09:42 - 选择器件： nRF24LU1
2013-09-23 23:09:42 - 器件容量： 0x4000
2013-09-23 23:16:07 - 设备未连接
2013-09-23 23:16:10 - 选择器件： nRF24LE1
2013-09-23 23:16:10 - 器件容量： 0x4000
2013-09-23 23:16:25 - 读入文件： C:\working\rf\rf\无线VIVTA\无线VISTA无线程序\NRF24LE1发射按键板-FM\nRF24LE1.hex
2013-09-23 23:16:25 - 文件长度：0x04C6 = 1222 字节 
2013-09-23 23:16:41 - 选择器件： nRF24LE1
2013-09-23 23:16:41 - 器件容量： 0x4000
2013-09-23 23:24:39 - 设备未连接
2013-09-23 23:24:45 - 选择器件： nRF24LE1
2013-09-23 23:24:45 - 器件容量： 0x4000
2013-09-23 23:24:45 - 选择器件： nRF24LE1
2013-09-23 23:24:45 - 器件容量： 0x4000
2013-09-23 23:25:13 - 读入文件： C:\working\rf\rf\无线VIVTA\无线VISTA无线程序\NRF24LE1发射按键板-FM\nRF24LE1.hex
2013-09-23 23:25:13 - 文件长度：0x04C6 = 1222 字节 
2013-09-23 23:25:18 - 选择器件： nRF24LU1P
2013-09-23 23:25:18 - 器件容量： 0x8000
2013-09-23 23:25:21 - 选择器件： nRF24LE1
2013-09-23 23:25:21 - 器件容量： 0x4000
2013-09-23 23:25:23 - 读入文件： C:\working\rf\rf\无线VIVTA\无线VISTA无线程序\NRF24LE1发射按键板-FM\nRF24LE1.hex
2013-09-23 23:25:23 - 文件长度：0x04C6 = 1222 字节 
2013-09-23 23:25:47 - 选择器件： nRF24LE1
2013-09-23 23:25:47 - 器件容量： 0x4000
2013-09-23 23:25:50 - 选择器件： nRF24LU1P
2013-09-23 23:25:50 - 器件容量： 0x8000
2013-09-23 23:25:56 - 设备未连接
2013-09-23 23:26:01 - 选择器件： nRF24LE1
2013-09-23 23:26:01 - 器件容量： 0x4000
2013-09-23 23:26:07 - 读入文件： C:\working\rf\rf\无线VIVTA\无线VISTA无线程序\NRF24LE1发射按键板-FM\nRF24LE1.hex
2013-09-23 23:26:07 - 文件长度：0x04C6 = 1222 字节 
2013-09-23 23:26:31 - 选择器件： nRF24LU1P
2013-09-23 23:26:31 - 器件容量： 0x8000
2013-09-23 23:26:34 - 选择器件： nRF24LE1
2013-09-23 23:26:34 - 器件容量： 0x4000
2013-09-23 23:27:09 - 读入文件： C:\working\rf\rf\无线VIVTA\无线VISTA无线程序\NRF24LE1发射按键板-FM\nRF24LE1.hex
2013-09-23 23:27:09 - 文件长度：0x04C6 = 1222 字节 
2013-09-23 23:55:25 - 设备已连接...
2013-09-23 23:55:25 - 固件版本： 1.00.01
2013-09-23 23:55:29 - 读入文件： C:\working\rf\rf\无线VIVTA\无线VISTA无线程序\NRF24LE1发射按键板-FM\nRF24LE1.hex
2013-09-23 23:55:29 - 文件长度：0x04C6 = 1222 字节 
2013-09-23 23:55:32 - -------------------------------------------------------------------
2013-09-23 23:55:32 - Device:nRF24LE1
2013-09-23 23:55:32 - Unique ID: 
2013-09-23 23:55:32 -  5A 5A 43 30 42 35 32 31 05 14 31 FF FF FF FF FF
2013-09-23 23:55:32 -  26 B1 51 0E 0E FF FF FF FF 82 FF FF FF FF FF FF
2013-09-23 23:55:32 - Infopage: 
2013-09-23 23:55:32 - 0x20: FF (NUPP)
2013-09-23 23:55:32 - 0x21: FF (Reserved)
2013-09-23 23:55:32 - 0x22: FF (Reserved)
2013-09-23 23:55:32 - 0x23: FF (RDISMB)
2013-09-23 23:55:32 - 0x24: FF (ENDEBUG)
2013-09-23 23:55:32 - 擦除器件...
2013-09-23 23:55:32 - 擦除器件.........完成
2013-09-23 23:55:32 - Unique ID: 
2013-09-23 23:55:32 -  5A 5A 43 30 42 35 32 31 05 14 31 FF FF FF FF FF
2013-09-23 23:55:32 -  26 B1 51 0E 0E FF FF FF FF 82 FF FF FF FF FF FF
2013-09-23 23:55:32 - Infopage: 
2013-09-23 23:55:32 - 0x20: FF (NUPP)
2013-09-23 23:55:32 - 0x21: FF (Reserved)
2013-09-23 23:55:32 - 0x22: FF (Reserved)
2013-09-23 23:55:32 - 0x23: FF (RDISMB)
2013-09-23 23:55:32 - 0x24: FF (ENDEBUG)
2013-09-23 23:55:32 - 编程器件...
2013-09-23 23:55:32 - 编程器件.........完成
2013-09-23 23:55:32 - 效验器件...
2013-09-23 23:55:33 - 效验器件.........OK
2013-09-23 23:55:33 - -------------------------------------------------------------------
2013-09-23 23:58:30 - -------------------------------------------------------------------
2013-09-23 23:58:30 - Device:nRF24LE1
2013-09-23 23:58:30 - Unique ID: 
2013-09-23 23:58:30 -  5A 5A 43 30 42 35 32 31 05 14 31 FF FF FF FF FF
2013-09-23 23:58:30 -  26 B1 51 0E 0E FF FF FF FF 82 FF FF FF FF FF FF
2013-09-23 23:58:30 - Infopage: 
2013-09-23 23:58:30 - 0x20: FF (NUPP)
2013-09-23 23:58:30 - 0x21: FF (Reserved)
2013-09-23 23:58:30 - 0x22: FF (Reserved)
2013-09-23 23:58:30 - 0x23: FF (RDISMB)
2013-09-23 23:58:30 - 0x24: FF (ENDEBUG)
2013-09-23 23:58:30 - 擦除器件...
2013-09-23 23:58:31 - 擦除器件.........完成
2013-09-23 23:58:31 - Unique ID: 
2013-09-23 23:58:31 -  5A 5A 43 30 42 35 32 31 05 14 31 FF FF FF FF FF
2013-09-23 23:58:31 -  26 B1 51 0E 0E FF FF FF FF 82 FF FF FF FF FF FF
2013-09-23 23:58:31 - Infopage: 
2013-09-23 23:58:31 - 0x20: FF (NUPP)
2013-09-23 23:58:31 - 0x21: FF (Reserved)
2013-09-23 23:58:31 - 0x22: FF (Reserved)
2013-09-23 23:58:31 - 0x23: FF (RDISMB)
2013-09-23 23:58:31 - 0x24: FF (ENDEBUG)
2013-09-23 23:58:31 - 编程器件...
2013-09-23 23:58:31 - 编程器件.........完成
2013-09-23 23:58:31 - 效验器件...
2013-09-23 23:58:31 - 效验器件.........OK
2013-09-23 23:58:31 - -------------------------------------------------------------------
2013-09-23 23:58:37 - 读入文件： C:\working\rf\rf\无线VIVTA\无线VISTA无线程序\NRF24LE1发射按键板-FM\nRF24LE1.hex
2013-09-23 23:58:37 - 文件长度：0x04C6 = 1222 字节 
2013-09-23 23:58:39 - -------------------------------------------------------------------
2013-09-23 23:58:39 - Device:nRF24LE1
2013-09-23 23:58:39 - Unique ID: 
2013-09-23 23:58:39 -  5A 5A 43 30 42 35 32 31 05 14 31 FF FF FF FF FF
2013-09-23 23:58:39 -  26 B1 51 0E 0E FF FF FF FF 82 FF FF FF FF FF FF
2013-09-23 23:58:39 - Infopage: 
2013-09-23 23:58:39 - 0x20: FF (NUPP)
2013-09-23 23:58:39 - 0x21: FF (Reserved)
2013-09-23 23:58:39 - 0x22: FF (Reserved)
2013-09-23 23:58:39 - 0x23: FF (RDISMB)
2013-09-23 23:58:39 - 0x24: FF (ENDEBUG)
2013-09-23 23:58:39 - 擦除器件...
2013-09-23 23:58:39 - 擦除器件.........完成
2013-09-23 23:58:39 - Unique ID: 
2013-09-23 23:58:39 -  5A 5A 43 30 42 35 32 31 05 14 31 FF FF FF FF FF
2013-09-23 23:58:39 -  26 B1 51 0E 0E FF FF FF FF 82 FF FF FF FF FF FF
2013-09-23 23:58:39 - Infopage: 
2013-09-23 23:58:39 - 0x20: FF (NUPP)
2013-09-23 23:58:39 - 0x21: FF (Reserved)
2013-09-23 23:58:39 - 0x22: FF (Reserved)
2013-09-23 23:58:39 - 0x23: FF (RDISMB)
2013-09-23 23:58:39 - 0x24: FF (ENDEBUG)
2013-09-23 23:58:39 - 编程器件...
2013-09-23 23:58:39 - 编程器件.........完成
2013-09-23 23:58:39 - 效验器件...
2013-09-23 23:58:39 - 效验器件.........OK
2013-09-23 23:58:39 - -------------------------------------------------------------------
2013-09-24 00:19:11 - -------------------------------------------------------------------
2013-09-24 00:19:11 - Device:nRF24LE1
2013-09-24 00:19:11 - Unique ID: 
2013-09-24 00:19:11 -  5A 5A 43 30 42 35 32 31 05 14 31 FF FF FF FF FF
2013-09-24 00:19:11 -  26 B1 51 0E 0E FF FF FF FF 82 FF FF FF FF FF FF
2013-09-24 00:19:11 - Infopage: 
2013-09-24 00:19:11 - 0x20: FF (NUPP)
2013-09-24 00:19:11 - 0x21: FF (Reserved)
2013-09-24 00:19:11 - 0x22: FF (Reserved)
2013-09-24 00:19:11 - 0x23: FF (RDISMB)
2013-09-24 00:19:11 - 0x24: FF (ENDEBUG)
2013-09-24 00:19:11 - 擦除器件...
2013-09-24 00:19:11 - 擦除器件.........完成
2013-09-24 00:19:11 - Unique ID: 
2013-09-24 00:19:11 -  5A 5A 43 30 42 35 32 31 05 14 31 FF FF FF FF FF
2013-09-24 00:19:11 -  26 B1 51 0E 0E FF FF FF FF 82 FF FF FF FF FF FF
2013-09-24 00:19:11 - Infopage: 
2013-09-24 00:19:11 - 0x20: FF (NUPP)
2013-09-24 00:19:11 - 0x21: FF (Reserved)
2013-09-24 00:19:11 - 0x22: FF (Reserved)
2013-09-24 00:19:11 - 0x23: FF (RDISMB)
2013-09-24 00:19:11 - 0x24: FF (ENDEBUG)
2013-09-24 00:19:11 - 编程器件...
2013-09-24 00:19:11 - 编程器件.........完成
2013-09-24 00:19:11 - 效验器件...
2013-09-24 00:19:12 - 效验器件.........OK
2013-09-24 00:19:12 - -------------------------------------------------------------------
2013-09-24 00:21:46 - 读入文件： C:\working\rf\rf\无线VIVTA\无线VISTA无线程序\NRF24LE1发射按键板-FM\nRF24LE1.hex
2013-09-24 00:21:46 - 文件长度：0x04CD = 1229 字节 
2013-09-24 00:21:48 - -------------------------------------------------------------------
2013-09-24 00:21:48 - Device:nRF24LE1
2013-09-24 00:21:48 - Unique ID: 
2013-09-24 00:21:48 -  5A 5A 43 30 42 35 32 31 05 14 31 FF FF FF FF FF
2013-09-24 00:21:48 -  26 B1 51 0E 0E FF FF FF FF 82 FF FF FF FF FF FF
2013-09-24 00:21:48 - Infopage: 
2013-09-24 00:21:48 - 0x20: FF (NUPP)
2013-09-24 00:21:48 - 0x21: FF (Reserved)
2013-09-24 00:21:48 - 0x22: FF (Reserved)
2013-09-24 00:21:48 - 0x23: FF (RDISMB)
2013-09-24 00:21:48 - 0x24: FF (ENDEBUG)
2013-09-24 00:21:48 - 擦除器件...
2013-09-24 00:21:48 - 擦除器件.........完成
2013-09-24 00:21:48 - Unique ID: 
2013-09-24 00:21:48 -  5A 5A 43 30 42 35 32 31 05 14 31 FF FF FF FF FF
2013-09-24 00:21:48 -  26 B1 51 0E 0E FF FF FF FF 82 FF FF FF FF FF FF
2013-09-24 00:21:48 - Infopage: 
2013-09-24 00:21:48 - 0x20: FF (NUPP)
2013-09-24 00:21:48 - 0x21: FF (Reserved)
2013-09-24 00:21:48 - 0x22: FF (Reserved)
2013-09-24 00:21:48 - 0x23: FF (RDISMB)
2013-09-24 00:21:48 - 0x24: FF (ENDEBUG)
2013-09-24 00:21:48 - 编程器件...
2013-09-24 00:21:48 - 编程器件.........完成
2013-09-24 00:21:48 - 效验器件...
2013-09-24 00:21:48 - 效验器件.........OK
2013-09-24 00:21:48 - -------------------------------------------------------------------
2013-09-24 00:39:29 - 设备已连接...
2013-09-24 00:39:29 - 固件版本： 1.00.01
2013-09-24 00:39:34 - 读入文件： C:\working\rf\rf\无线VIVTA\无线VISTA无线程序\NRF24LE1发射按键板-FM\nRF24LE1.hex
2013-09-24 00:39:34 - 文件长度：0x04CD = 1229 字节 
2013-09-24 00:40:23 - -------------------------------------------------------------------
2013-09-24 00:40:23 - Device:nRF24LE1
2013-09-24 00:40:23 - Unique ID: 
2013-09-24 00:40:23 -  5A 5A 43 30 42 35 32 31 05 14 31 FF FF FF FF FF
2013-09-24 00:40:23 -  26 B1 51 0E 0E FF FF FF FF 82 FF FF FF FF FF FF
2013-09-24 00:40:23 - Infopage: 
2013-09-24 00:40:23 - 0x20: FF (NUPP)
2013-09-24 00:40:23 - 0x21: FF (Reserved)
2013-09-24 00:40:23 - 0x22: FF (Reserved)
2013-09-24 00:40:23 - 0x23: FF (RDISMB)
2013-09-24 00:40:23 - 0x24: FF (ENDEBUG)
2013-09-24 00:40:23 - 擦除器件...
2013-09-24 00:40:23 - 擦除器件.........完成
2013-09-24 00:40:24 - Unique ID: 
2013-09-24 00:40:24 -  5A 5A 43 30 42 35 32 31 05 14 31 FF FF FF FF FF
2013-09-24 00:40:24 -  26 B1 51 0E 0E FF FF FF FF 82 FF FF FF FF FF FF
2013-09-24 00:40:24 - Infopage: 
2013-09-24 00:40:24 - 0x20: FF (NUPP)
2013-09-24 00:40:24 - 0x21: FF (Reserved)
2013-09-24 00:40:24 - 0x22: FF (Reserved)
2013-09-24 00:40:24 - 0x23: FF (RDISMB)
2013-09-24 00:40:24 - 0x24: FF (ENDEBUG)
2013-09-24 00:40:24 - 编程器件...
2013-09-24 00:40:24 - 编程器件.........完成
2013-09-24 00:40:24 - 效验器件...
2013-09-24 00:40:24 - 效验器件.........OK
2013-09-24 00:40:24 - -------------------------------------------------------------------
2013-09-24 00:41:08 - -------------------------------------------------------------------
2013-09-24 00:41:08 - Device:nRF24LE1
2013-09-24 00:41:09 - Unique ID: 
2013-09-24 00:41:09 -  5A 5A 43 30 42 35 32 31 05 14 31 FF FF FF FF FF
2013-09-24 00:41:09 -  26 B1 51 0E 0E FF FF FF FF 82 FF FF FF FF FF FF
2013-09-24 00:41:09 - Infopage: 
2013-09-24 00:41:09 - 0x20: FF (NUPP)
2013-09-24 00:41:09 - 0x21: FF (Reserved)
2013-09-24 00:41:09 - 0x22: FF (Reserved)
2013-09-24 00:41:09 - 0x23: FF (RDISMB)
2013-09-24 00:41:09 - 0x24: FF (ENDEBUG)
2013-09-24 00:41:09 - 擦除器件...
2013-09-24 00:41:09 - 擦除器件.........完成
2013-09-24 00:41:09 - Unique ID: 
2013-09-24 00:41:09 -  5A 5A 43 30 42 35 32 31 05 14 31 FF FF FF FF FF
2013-09-24 00:41:09 -  26 B1 51 0E 0E FF FF FF FF 82 FF FF FF FF FF FF
2013-09-24 00:41:09 - Infopage: 
2013-09-24 00:41:09 - 0x20: FF (NUPP)
2013-09-24 00:41:09 - 0x21: FF (Reserved)
2013-09-24 00:41:09 - 0x22: FF (Reserved)
2013-09-24 00:41:09 - 0x23: FF (RDISMB)
2013-09-24 00:41:09 - 0x24: FF (ENDEBUG)
2013-09-24 00:41:09 - 编程器件...
2013-09-24 00:41:09 - 编程器件.........完成
2013-09-24 00:41:09 - 效验器件...
2013-09-24 00:41:09 - 效验器件.........OK
2013-09-24 00:41:09 - -------------------------------------------------------------------
2013-09-24 00:42:00 - -------------------------------------------------------------------
2013-09-24 00:42:00 - Device:nRF24LE1
2013-09-24 00:42:00 - Unique ID: 
2013-09-24 00:42:00 -  5A 5A 43 30 42 35 32 31 05 14 31 FF FF FF FF FF
2013-09-24 00:42:00 -  26 B1 51 0E 0E FF FF FF FF 82 FF FF FF FF FF FF
2013-09-24 00:42:00 - Infopage: 
2013-09-24 00:42:00 - 0x20: FF (NUPP)
2013-09-24 00:42:00 - 0x21: FF (Reserved)
2013-09-24 00:42:00 - 0x22: FF (Reserved)
2013-09-24 00:42:00 - 0x23: FF (RDISMB)
2013-09-24 00:42:00 - 0x24: FF (ENDEBUG)
2013-09-24 00:42:00 - 擦除器件...
2013-09-24 00:42:01 - 擦除器件.........完成
2013-09-24 00:42:01 - Unique ID: 
2013-09-24 00:42:01 -  5A 5A 43 30 42 35 32 31 05 14 31 FF FF FF FF FF
2013-09-24 00:42:01 -  26 B1 51 0E 0E FF FF FF FF 82 FF FF FF FF FF FF
2013-09-24 00:42:01 - Infopage: 
2013-09-24 00:42:01 - 0x20: FF (NUPP)
2013-09-24 00:42:01 - 0x21: FF (Reserved)
2013-09-24 00:42:01 - 0x22: FF (Reserved)
2013-09-24 00:42:01 - 0x23: FF (RDISMB)
2013-09-24 00:42:01 - 0x24: FF (ENDEBUG)
2013-09-24 00:42:01 - 编程器件...
2013-09-24 00:42:01 - 编程器件.........完成
2013-09-24 00:42:01 - 效验器件...
2013-09-24 00:42:01 - 效验器件.........OK
2013-09-24 00:42:01 - -------------------------------------------------------------------
