C51 COMPILER V9.51   LIB_CRYPT_LE1                                                         09/22/2013 02:01:13 PAGE 1   


C51 COMPILER V9.51, COMPILATION OF MODULE LIB_CRYPT_LE1
OBJECT MODULE PLACED IN .\build\lib_crypt_le1.obj
COMPILER INVOKED BY: C:\Keil\C51\BIN\C51.EXE ..\..\..\..\..\..\lib\crypt\lib_crypt_le1.c OBJECTADVANCED ROM(COMPACT) REG
                    -FILE(.\build\gzll_device_nrf24le1.ORC) BROWSE NOINTPROMOTE MODC2 INCDIR(..\..\..\..\..\..\hal;..\..\..\..\..\..\hal\nrf2
                    -4l01p;..\..\..\..\..\..\gazell\common;..\..\..\..\..\..\gazell\nrf24le1;..\..\..\params;..\..\..\..\..\..\hal\nrf24le1;.
                    -.\..\..\..\..\..\lib\assertions;..\..\..\..\..\..\lib\crypt;..\..\..\..\..\..\compiler\c51;..\..\..\..\..\..\compiler\co
                    -mmon) DEBUG PRINT(.\lst\lib_crypt_le1.lst) TABS(2) OBJECT(.\build\lib_crypt_le1.obj)

line level    source

   1          /* Copyright (c) 2009 Nordic Semiconductor. All Rights Reserved.
   2           *
   3           * The information contained herein is confidential property of Nordic 
   4           * Semiconductor ASA.Terms and conditions of usage are described in detail 
   5           * in NORDIC SEMICONDUCTOR STANDARD SOFTWARE LICENSE AGREEMENT. 
   6           *
   7           * Licensees are granted free, non-transferable use of the information. NO
   8           * WARRENTY of ANY KIND is provided. This heading must NOT be removed from
   9           * the file.
  10           *              
  11           * $LastChangedRevision: 133 $
  12           */
  13          
  14          /** @file
  15           * @brief Implementation of AES encyption library nRF24LE1 specific functions
  16           */
  17          
  18           //lint -e714
  19           
  20          #include "hal_rng.h"
  21          
  22          void lib_crypt_generate_ls5b(uint8_t * dest_buf)
  23          { 
  24   1        uint8_t i; 
  25   1        hal_rng_power_up(true);
  26   1      
  27   1        for(i=0;i<5;i++)
  28   1        { 
  29   2          while(!hal_rng_data_ready())
  30   2          {}  
  31   2          dest_buf[i] = hal_rng_read();
  32   2        } 
  33   1        
  34   1        hal_rng_power_up(false);
  35   1      }
  36              


MODULE INFORMATION:   STATIC OVERLAYABLE
   CODE SIZE        =     54    ----
   CONSTANT SIZE    =   ----    ----
   XDATA SIZE       =   ----    ----
   PDATA SIZE       =   ----    ----
   DATA SIZE        =   ----       3
   IDATA SIZE       =   ----    ----
   BIT SIZE         =   ----    ----
   EDATA SIZE       =   ----    ----
   HDATA SIZE       =   ----    ----
   XDATA CONST SIZE =   ----    ----
   FAR CONST SIZE   =   ----    ----
END OF MODULE INFORMATION.

C51 COMPILER V9.51   LIB_CRYPT_LE1                                                         09/22/2013 02:01:13 PAGE 2   


C51 COMPILATION COMPLETE.  0 WARNING(S),  0 ERROR(S)
