C51 COMPILER V9.51   MAIN                                                                  09/22/2013 02:01:14 PAGE 1   


C51 COMPILER V9.51, COMPILATION OF MODULE MAIN
OBJECT MODULE PLACED IN .\build\main.obj
COMPILER INVOKED BY: C:\Keil\C51\BIN\C51.EXE ..\..\main.c OBJECTADVANCED ROM(COMPACT) REGFILE(.\build\gzll_device_nrf24l
                    -e1.ORC) BROWSE NOINTPROMOTE MODC2 INCDIR(..\..\..\..\..\..\hal;..\..\..\..\..\..\hal\nrf24l01p;..\..\..\..\..\..\gazell\
                    -common;..\..\..\..\..\..\gazell\nrf24le1;..\..\..\params;..\..\..\..\..\..\hal\nrf24le1;..\..\..\..\..\..\lib\assertions
                    -;..\..\..\..\..\..\lib\crypt;..\..\..\..\..\..\compiler\c51;..\..\..\..\..\..\compiler\common) DEBUG PRINT(.\lst\main.ls
                    -t) TABS(2) OBJECT(.\build\main.obj)

line level    source

   1          /* Copyright (c) 2009 Nordic Semiconductor. All Rights Reserved.
   2           *
   3           * The information contained herein is confidential property of Nordic 
   4           * Semiconductor ASA.Terms and conditions of usage are described in detail 
   5           * in NORDIC SEMICONDUCTOR STANDARD SOFTWARE LICENSE AGREEMENT. 
   6           *
   7           * Licensees are granted free, non-transferable use of the information. NO
   8           * WARRENTY of ANY KIND is provided. This heading must NOT be removed from
   9           * the file.
  10           *              
  11           * $LastChangedRevision: 133 $
  12           */
  13          
  14          /** @file
  15           * @brief Gazell Link Layer Device example
  16           * @defgroup gzll_device_example Gazell Link Layer Device example
  17           * @{
  18           * @ingroup nrf_examples
  19           *
  20           * @brief This example sends packets continuously. The contents of P0 are 
  21           * sent in the first payload byte (byte 0). 
  22           *
  23           *
  24           * Protocol parameters such as addresses and channels are specified 
  25           * in @ref gazell_examples/params/gzll_params.h. 
  26           *
  27           * The project @ref gzll_host_example can be used as a counterpart for receiving the data.
  28           * 
  29          */
  30          
  31          //lint -e534
  32          
  33          #include "gzll_mcu.h"
  34          #include "gzll.h"
  35          
  36          void main(void)
  37          {
  38   1        uint8_t payload[GZLL_MAX_PAYLOAD_LENGTH];
  39   1      
  40   1        mcu_init();
  41   1        gzll_init();
  42   1      
  43   1        EA = 1;
  44   1      
  45   1        for(;;)
  46   1        {      
  47   2          // If gazell link layer idle
  48   2          if(gzll_get_state() == GZLL_IDLE)
  49   2          {
  50   3            // Put P0 contents in payload[0]
  51   3            payload[0] = ~P0;
C51 COMPILER V9.51   MAIN                                                                  09/22/2013 02:01:14 PAGE 2   

  52   3            // Transmits payload[] to pipe 0 address
  53   3            gzll_tx_data(payload, GZLL_MAX_FW_PAYLOAD_LENGTH, 0);   
  54   3          }
  55   2        }  
  56   1      }
  57          
  58          /** @} */


MODULE INFORMATION:   STATIC OVERLAYABLE
   CODE SIZE        =     39    ----
   CONSTANT SIZE    =   ----    ----
   XDATA SIZE       =   ----    ----
   PDATA SIZE       =   ----    ----
   DATA SIZE        =   ----      27
   IDATA SIZE       =   ----    ----
   BIT SIZE         =   ----    ----
   EDATA SIZE       =   ----    ----
   HDATA SIZE       =   ----    ----
   XDATA CONST SIZE =   ----    ----
   FAR CONST SIZE   =   ----    ----
END OF MODULE INFORMATION.


C51 COMPILATION COMPLETE.  0 WARNING(S),  0 ERROR(S)
