C51 COMPILER V9.51   MAIN                                                                  09/06/2013 01:47:20 PAGE 1   


C51 COMPILER V9.51, COMPILATION OF MODULE MAIN
OBJECT MODULE PLACED IN .\build\main.obj
COMPILER INVOKED BY: C:\Keil\C51\BIN\C51.EXE ..\main.c REGFILE(.\build\adc_single_step_nrf24le1.ORC) BROWSE NOINTPROMOTE
                    - MODC2 INCDIR(..\..\..\..\..\hal\nrf24le1;..\..\..\..\..\hal;..\..\..\..\..\compiler\c51;..\..\..\..\..\compiler\common)
                    - DEBUG OBJECTEXTEND PRINT(.\lst\main.lst) TABS(2) OBJECT(.\build\main.obj)

line level    source

   1          /* Copyright (c) 2009 Nordic Semiconductor. All Rights Reserved.
   2           *
   3           * The information contained herein is confidential property of Nordic
   4           * Semiconductor ASA.Terms and conditions of usage are described in detail
   5           * in NORDIC SEMICONDUCTOR STANDARD SOFTWARE LICENSE AGREEMENT.
   6           *
   7           * Licensees are granted free, non-transferable use of the information. NO
   8           * WARRENTY of ANY KIND is provided. This heading must NOT be removed from
   9           * the file.
  10           *
  11           * $LastChangedRevision: 133 $
  12           */
  13          
  14          /** @file
  15           * @brief ADC single step mode example
  16           * @defgroup adc_single_step_example ADC single step mode example
  17           * @{
  18           * @ingroup nrf_examples
  19           *
  20           * @brief This example samples P00 using ADC single step mode and outputs the 8 bit
  21           * sample value on P1.
  22           *
  23          */
  24          
  25          //lint -e716
  26          
  27          #include "nrf24le1.h"
  28          #include "hal_adc.h"
  29          
  30          void main()
  31          {
  32   1        // Set P1 as output
  33   1        P1DIR = 0;
  34   1      
  35   1        // Configure ADC
  36   1        hal_adc_set_input_channel(HAL_ADC_INP_AIN0);
  37   1        hal_adc_set_reference(HAL_ADC_REF_VDD);
  38   1        hal_adc_set_input_mode(HAL_ADC_SINGLE);
  39   1        hal_adc_set_conversion_mode(HAL_ADC_SINGLE_STEP);
  40   1        hal_adc_set_resolution(HAL_ADC_RES_8BIT);
  41   1        hal_adc_set_data_just(HAL_ADC_JUST_RIGHT);
  42   1      
  43   1        while(true)
  44   1        {
  45   2          hal_adc_start();                                // Start the ADC
  46   2          while( hal_adc_busy() )                         // Wait for the ADC to finish a conversion
  47   2          {
  48   3          }
  49   2          P1 = hal_adc_read_LSB();                        // Write the ADC result to P1
  50   2        }
  51   1      }
  52          /** @} */

C51 COMPILER V9.51   MAIN                                                                  09/06/2013 01:47:20 PAGE 2   


MODULE INFORMATION:   STATIC OVERLAYABLE
   CODE SIZE        =     48    ----
   CONSTANT SIZE    =   ----    ----
   XDATA SIZE       =   ----    ----
   PDATA SIZE       =   ----    ----
   DATA SIZE        =   ----    ----
   IDATA SIZE       =   ----    ----
   BIT SIZE         =   ----    ----
END OF MODULE INFORMATION.


C51 COMPILATION COMPLETE.  0 WARNING(S),  0 ERROR(S)
